AWE_Networks/app/build/outputs/logs/manifest-merger-debug-report.txt
-- Merging decision tree log ---
manifest
ADDED from src/main/AndroidManifest.xml:2:1-28:12
INJECTED from src/main/AndroidManifest.xml:2:1-28:12
INJECTED from src/main/AndroidManifest.xml:2:1-28:12
INJECTED from src/main/AndroidManifest.xml:2:1-28:12
MERGED from [com.android.support:appcompat-v7:24.2.1] AndroidManifest.xml:17:1-27:12
MERGED from [com.android.support.constraint:constraint-layout:1.0.2] AndroidManifest.xml:2:1-11:12
MERGED from [com.android.support:support-v4:24.2.1] AndroidManifest.xml:17:1-27:12
MERGED from [com.android.support:animated-vector-drawable:24.2.1] AndroidManifest.xml:17:1-24:12
MERGED from [com.android.support:support-vector-drawable:24.2.1] AndroidManifest.xml:17:1-25:12
MERGED from [com.android.support:support-fragment:24.2.1] AndroidManifest.xml:17:1-27:12
MERGED from [com.android.support:support-media-compat:24.2.1] AndroidManifest.xml:17:1-27:12
MERGED from [com.android.support:support-core-utils:24.2.1] AndroidManifest.xml:17:1-27:12
MERGED from [com.android.support:support-core-ui:24.2.1] AndroidManifest.xml:17:1-27:12
MERGED from [com.android.support:support-compat:24.2.1] AndroidManifest.xml:17:1-27:12
INJECTED from src/main/AndroidManifest.xml:2:1-28:12
INJECTED from src/main/AndroidManifest.xml:2:1-28:12
INJECTED from src/main/AndroidManifest.xml:2:1-28:12
	package
		ADDED from src/main/AndroidManifest.xml:3:5-49
		INJECTED from src/main/AndroidManifest.xml
		INJECTED from src/main/AndroidManifest.xml
	android:versionName
		INJECTED from src/main/AndroidManifest.xml
		ADDED from src/main/AndroidManifest.xml:2:1-28:12
		INJECTED from src/main/AndroidManifest.xml
	android:versionCode
		INJECTED from src/main/AndroidManifest.xml
		ADDED from src/main/AndroidManifest.xml:2:1-28:12
		INJECTED from src/main/AndroidManifest.xml
	xmlns:android
		ADDED from src/main/AndroidManifest.xml:2:11-69
uses-permission#android.permission.BLUETOOTH
ADDED from src/main/AndroidManifest.xml:5:5-68
	android:name
		ADDED from src/main/AndroidManifest.xml:5:22-65
uses-permission#android.permission.INTERNET
ADDED from src/main/AndroidManifest.xml:6:5-67
	android:name
		ADDED from src/main/AndroidManifest.xml:6:22-64
application
ADDED from src/main/AndroidManifest.xml:8:5-26:19
MERGED from [com.android.support:appcompat-v7:24.2.1] AndroidManifest.xml:25:5-20
MERGED from [com.android.support:appcompat-v7:24.2.1] AndroidManifest.xml:25:5-20
MERGED from [com.android.support.constraint:constraint-layout:1.0.2] AndroidManifest.xml:9:5-20
MERGED from [com.android.support.constraint:constraint-layout:1.0.2] AndroidManifest.xml:9:5-20
MERGED from [com.android.support:support-v4:24.2.1] AndroidManifest.xml:25:5-20
MERGED from [com.android.support:support-v4:24.2.1] AndroidManifest.xml:25:5-20
MERGED from [com.android.support:animated-vector-drawable:24.2.1] AndroidManifest.xml:22:5-20
MERGED from [com.android.support:animated-vector-drawable:24.2.1] AndroidManifest.xml:22:5-20
MERGED from [com.android.support:support-vector-drawable:24.2.1] AndroidManifest.xml:23:5-20
MERGED from [com.android.support:support-vector-drawable:24.2.1] AndroidManifest.xml:23:5-20
MERGED from [com.android.support:support-fragment:24.2.1] AndroidManifest.xml:25:5-20
MERGED from [com.android.support:support-fragment:24.2.1] AndroidManifest.xml:25:5-20
MERGED from [com.android.support:support-media-compat:24.2.1] AndroidManifest.xml:25:5-20
MERGED from [com.android.support:support-media-compat:24.2.1] AndroidManifest.xml:25:5-20
MERGED from [com.android.support:support-core-utils:24.2.1] AndroidManifest.xml:25:5-20
MERGED from [com.android.support:support-core-utils:24.2.1] AndroidManifest.xml:25:5-20
MERGED from [com.android.support:support-core-ui:24.2.1] AndroidManifest.xml:25:5-20
MERGED from [com.android.support:support-core-ui:24.2.1] AndroidManifest.xml:25:5-20
MERGED from [com.android.support:support-compat:24.2.1] AndroidManifest.xml:25:5-20
MERGED from [com.android.support:support-compat:24.2.1] AndroidManifest.xml:25:5-20
	android:supportsRtl
		ADDED from src/main/AndroidManifest.xml:12:9-35
	android:label
		ADDED from src/main/AndroidManifest.xml:11:9-41
	android:icon
		ADDED from src/main/AndroidManifest.xml:10:9-43
	android:allowBackup
		ADDED from src/main/AndroidManifest.xml:9:9-35
	android:theme
		ADDED from src/main/AndroidManifest.xml:13:9-40
activity#com.example.ohsanghun.awe_networks.MainActivity
ADDED from src/main/AndroidManifest.xml:14:9-20:20
	android:name
		ADDED from src/main/AndroidManifest.xml:14:19-47
intent-filter#android.intent.action.MAIN+android.intent.category.LAUNCHER
ADDED from src/main/AndroidManifest.xml:15:13-19:29
action#android.intent.action.MAIN
ADDED from src/main/AndroidManifest.xml:16:17-69
	android:name
		ADDED from src/main/AndroidManifest.xml:16:25-66
category#android.intent.category.LAUNCHER
ADDED from src/main/AndroidManifest.xml:18:17-77
	android:name
		ADDED from src/main/AndroidManifest.xml:18:27-74
activity#com.example.ohsanghun.awe_networks.BluetoothCommunicateWithArduinoActivity
ADDED from src/main/AndroidManifest.xml:21:9-77
	android:name
		ADDED from src/main/AndroidManifest.xml:21:19-74
activity#com.example.ohsanghun.awe_networks.GetBTListActivity
ADDED from src/main/AndroidManifest.xml:22:9-55
	android:name
		ADDED from src/main/AndroidManifest.xml:22:19-52
activity#com.example.ohsanghun.awe_networks.RestAPIActivity
ADDED from src/main/AndroidManifest.xml:23:9-53
	android:name
		ADDED from src/main/AndroidManifest.xml:23:19-50
activity#com.example.ohsanghun.awe_networks_tmp.RestAPIActivity
ADDED from src/main/AndroidManifest.xml:24:9-91
	android:name
		ADDED from src/main/AndroidManifest.xml:24:19-88
activity#com.example.ohsanghun.awe_networks.ConnectBTActivity
ADDED from src/main/AndroidManifest.xml:25:9-55
	android:name
		ADDED from src/main/AndroidManifest.xml:25:19-52
uses-sdk
INJECTED from src/main/AndroidManifest.xml reason: use-sdk injection requested
INJECTED from src/main/AndroidManifest.xml
INJECTED from src/main/AndroidManifest.xml
MERGED from [com.android.support:appcompat-v7:24.2.1] AndroidManifest.xml:21:5-23:78
MERGED from [com.android.support:appcompat-v7:24.2.1] AndroidManifest.xml:21:5-23:78
MERGED from [com.android.support.constraint:constraint-layout:1.0.2] AndroidManifest.xml:5:5-7:41
MERGED from [com.android.support.constraint:constraint-layout:1.0.2] AndroidManifest.xml:5:5-7:41
MERGED from [com.android.support:support-v4:24.2.1] AndroidManifest.xml:21:5-23:54
MERGED from [com.android.support:support-v4:24.2.1] AndroidManifest.xml:21:5-23:54
MERGED from [com.android.support:animated-vector-drawable:24.2.1] AndroidManifest.xml:20:5-44
MERGED from [com.android.support:animated-vector-drawable:24.2.1] AndroidManifest.xml:20:5-44
MERGED from [com.android.support:support-vector-drawable:24.2.1] AndroidManifest.xml:21:5-43
MERGED from [com.android.support:support-vector-drawable:24.2.1] AndroidManifest.xml:21:5-43
MERGED from [com.android.support:support-fragment:24.2.1] AndroidManifest.xml:21:5-23:60
MERGED from [com.android.support:support-fragment:24.2.1] AndroidManifest.xml:21:5-23:60
MERGED from [com.android.support:support-media-compat:24.2.1] AndroidManifest.xml:21:5-23:63
MERGED from [com.android.support:support-media-compat:24.2.1] AndroidManifest.xml:21:5-23:63
MERGED from [com.android.support:support-core-utils:24.2.1] AndroidManifest.xml:21:5-23:61
MERGED from [com.android.support:support-core-utils:24.2.1] AndroidManifest.xml:21:5-23:61
MERGED from [com.android.support:support-core-ui:24.2.1] AndroidManifest.xml:21:5-23:58
MERGED from [com.android.support:support-core-ui:24.2.1] AndroidManifest.xml:21:5-23:58
MERGED from [com.android.support:support-compat:24.2.1] AndroidManifest.xml:21:5-23:58
MERGED from [com.android.support:support-compat:24.2.1] AndroidManifest.xml:21:5-23:58
INJECTED from src/main/AndroidManifest.xml
INJECTED from src/main/AndroidManifest.xml
	tools:overrideLibrary
		ADDED from [com.android.support:appcompat-v7:24.2.1] AndroidManifest.xml:23:9-75
	android:targetSdkVersion
		INJECTED from src/main/AndroidManifest.xml
		ADDED from src/main/AndroidManifest.xml
		INJECTED from src/main/AndroidManifest.xml
	android:minSdkVersion
		INJECTED from src/main/AndroidManifest.xml
		ADDED from src/main/AndroidManifest.xml
		INJECTED from src/main/AndroidManifest.xml